<?xml version="1.0" encoding="UTF-8"?>
<!-- Generated by org.testng.reporters.JUnitXMLReporter -->
<testsuite hostname="ttpllt33" ignored="6" name="Test" tests="6" failures="0" timestamp="06 Aug 2020 05:30:19 GMT" time="97.073" errors="0">
  <testcase name="adminlogin" time="5.431" classname="com.ucm.testsuite.AdminLoginTest"/>
  <testcase name="adminlogin" time="1.499" classname="com.ucm.testsuite.AdminLoginTest"/>
  <testcase name="adminlogin" time="6.323" classname="com.ucm.testsuite.AdminLoginTest"/>
  <testcase name="admindashboard" time="2.672" classname="com.ucm.testsuite.AdminDashboardTest"/>
  <testcase name="adminsubformcreation" time="77.619" classname="com.ucm.testsuite.AdminCreateSubFormTest"/>
  <testcase name="adminsubformcreation" time="2.888" classname="com.ucm.testsuite.AdminUcmformTest"/>
  <testcase name="@BeforeSuite setup" time="0.0" classname="com.ucm.config.BaseClass">
    <ignored/>
  </testcase> <!-- @BeforeSuite setup -->
  <testcase name="@BeforeSuite setup" time="0.0" classname="com.ucm.config.BaseClass">
    <ignored/>
  </testcase> <!-- @BeforeSuite setup -->
  <testcase name="@BeforeSuite setup" time="0.0" classname="com.ucm.config.BaseClass">
    <ignored/>
  </testcase> <!-- @BeforeSuite setup -->
  <testcase name="@AfterSuite tearDown" time="0.0" classname="com.ucm.config.BaseClass">
    <ignored/>
  </testcase> <!-- @AfterSuite tearDown -->
  <testcase name="@AfterSuite tearDown" time="0.0" classname="com.ucm.config.BaseClass">
    <ignored/>
  </testcase> <!-- @AfterSuite tearDown -->
  <testcase name="@AfterSuite tearDown" time="0.0" classname="com.ucm.config.BaseClass">
    <ignored/>
  </testcase> <!-- @AfterSuite tearDown -->
</testsuite> <!-- Test -->
