<?xml version="1.0" encoding="UTF-8"?>
<!-- Generated by org.testng.reporters.JUnitXMLReporter -->
<testsuite hostname="ttpllt33" ignored="4" name="Test" tests="5" failures="0" timestamp="03 Aug 2020 09:11:21 GMT" time="15.872" errors="0">
  <testcase name="adminlogin" time="3.207" classname="com.ucm.testsuite.AdminLoginTest"/>
  <testcase name="adminlogin" time="1.351" classname="com.ucm.testsuite.AdminLoginTest"/>
  <testcase name="adminlogin" time="3.298" classname="com.ucm.testsuite.AdminLoginTest"/>
  <testcase name="admindashboard" time="2.004" classname="com.ucm.testsuite.AdminDashboardTest"/>
  <testcase name="adminsubformcreation" time="5.328" classname="com.ucm.testsuite.AdminCreateSubFormTest"/>
  <testcase name="@BeforeSuite setup" time="0.0" classname="com.ucm.config.BaseClass">
    <ignored/>
  </testcase> <!-- @BeforeSuite setup -->
  <testcase name="@BeforeSuite setup" time="0.0" classname="com.ucm.config.BaseClass">
    <ignored/>
  </testcase> <!-- @BeforeSuite setup -->
  <testcase name="@AfterSuite tearDown" time="0.0" classname="com.ucm.config.BaseClass">
    <ignored/>
  </testcase> <!-- @AfterSuite tearDown -->
  <testcase name="@AfterSuite tearDown" time="0.0" classname="com.ucm.config.BaseClass">
    <ignored/>
  </testcase> <!-- @AfterSuite tearDown -->
</testsuite> <!-- Test -->
