<?xml version="1.0" encoding="UTF-8"?>
<testng-results skipped="0" failed="1" ignored="0" total="1" passed="0">
  <reporter-output>
  </reporter-output>
  <suite name="Default suite" duration-ms="603" started-at="2020-08-05T12:39:08Z" finished-at="2020-08-05T12:39:08Z">
    <groups>
    </groups>
    <test name="Default test" duration-ms="603" started-at="2020-08-05T12:39:08Z" finished-at="2020-08-05T12:39:08Z">
      <class name="com.ucm.testsuite.AdminUcmformTest">
        <test-method status="PASS" signature="setup()[pri:0, instance:com.ucm.testsuite.AdminUcmformTest@59494225]" name="setup" is-config="true" duration-ms="6556" started-at="2020-08-05T18:09:01Z" finished-at="2020-08-05T18:09:08Z">
          <reporter-output>
          </reporter-output>
        </test-method> <!-- setup -->
        <test-method status="FAIL" signature="adminsubformcreation(java.lang.String, java.lang.String)[pri:0, instance:com.ucm.testsuite.AdminUcmformTest@59494225]" name="adminsubformcreation" duration-ms="583" started-at="2020-08-05T18:09:08Z" data-provider="ucmformcreation" finished-at="2020-08-05T18:09:08Z">
          <exception class="org.testng.internal.reflect.MethodMatcherException">
            <message>
              <![CDATA[
Data provider mismatch
Method: adminsubformcreation([Parameter{index=0, type=java.lang.String, declaredAnnotations=[]}, Parameter{index=1, type=java.lang.String, declaredAnnotations=[]}])
Arguments: [(java.lang.String)validdata]]]>
            </message>
            <full-stacktrace>
              <![CDATA[org.testng.internal.reflect.MethodMatcherException: 
Data provider mismatch
Method: adminsubformcreation([Parameter{index=0, type=java.lang.String, declaredAnnotations=[]}, Parameter{index=1, type=java.lang.String, declaredAnnotations=[]}])
Arguments: [(java.lang.String)validdata]
	at org.testng.internal.reflect.DataProviderMethodMatcher.getConformingArguments(DataProviderMethodMatcher.java:52)
	at org.testng.internal.Invoker.injectParameters(Invoker.java:1278)
	at org.testng.internal.Invoker.invokeTestMethods(Invoker.java:1171)
	at org.testng.internal.TestMethodWorker.invokeTestMethods(TestMethodWorker.java:129)
	at org.testng.internal.TestMethodWorker.run(TestMethodWorker.java:112)
	at org.testng.TestRunner.privateRun(TestRunner.java:756)
	at org.testng.TestRunner.run(TestRunner.java:610)
	at org.testng.SuiteRunner.runTest(SuiteRunner.java:387)
	at org.testng.SuiteRunner.runSequentially(SuiteRunner.java:382)
	at org.testng.SuiteRunner.privateRun(SuiteRunner.java:340)
	at org.testng.SuiteRunner.run(SuiteRunner.java:289)
	at org.testng.SuiteRunnerWorker.runSuite(SuiteRunnerWorker.java:52)
	at org.testng.SuiteRunnerWorker.run(SuiteRunnerWorker.java:86)
	at org.testng.TestNG.runSuitesSequentially(TestNG.java:1293)
	at org.testng.TestNG.runSuitesLocally(TestNG.java:1218)
	at org.testng.TestNG.runSuites(TestNG.java:1133)
	at org.testng.TestNG.run(TestNG.java:1104)
	at org.testng.remote.AbstractRemoteTestNG.run(AbstractRemoteTestNG.java:132)
	at org.testng.remote.RemoteTestNG.initAndRun(RemoteTestNG.java:236)
	at org.testng.remote.RemoteTestNG.main(RemoteTestNG.java:81)
]]>
            </full-stacktrace>
          </exception> <!-- org.testng.internal.reflect.MethodMatcherException -->
          <reporter-output>
          </reporter-output>
        </test-method> <!-- adminsubformcreation -->
        <test-method status="PASS" signature="tearDown()[pri:0, instance:com.ucm.testsuite.AdminUcmformTest@59494225]" name="tearDown" is-config="true" duration-ms="6" started-at="2020-08-05T18:09:08Z" finished-at="2020-08-05T18:09:08Z">
          <reporter-output>
          </reporter-output>
        </test-method> <!-- tearDown -->
      </class> <!-- com.ucm.testsuite.AdminUcmformTest -->
    </test> <!-- Default test -->
  </suite> <!-- Default suite -->
</testng-results>
